TN:
SF:/Users/sandeepsoni/src/vci-ofa-data-transfer-test/handler.ts
FN:8,(anonymous_0)
FN:21,(anonymous_1)
FN:34,ParseResponseCode
FN:40,(anonymous_3)
FN:43,(anonymous_4)
FNF:5
FNH:3
FNDA:1,(anonymous_0)
FNDA:1,(anonymous_1)
FNDA:2,ParseResponseCode
FNDA:0,(anonymous_3)
FNDA:0,(anonymous_4)
DA:3,1
DA:4,1
DA:5,1
DA:6,1
DA:8,1
DA:9,1
DA:10,1
DA:11,1
DA:12,1
DA:21,1
DA:22,1
DA:23,1
DA:24,1
DA:25,1
DA:35,2
DA:36,1
DA:38,0
DA:39,0
DA:40,0
DA:41,0
DA:43,0
DA:44,0
DA:47,0
LF:23
LH:16
BRDA:35,0,0,1
BRDA:35,0,1,0
BRDA:38,1,0,0
BRDA:38,1,1,0
BRDA:38,2,0,0
BRDA:38,2,1,0
BRDA:39,3,0,0
BRDA:39,3,1,0
BRDA:43,4,0,0
BRDA:43,4,1,0
BRF:10
BRH:1
end_of_record
TN:
SF:/Users/sandeepsoni/src/vci-ofa-data-transfer-test/models/common.ts
FN:5,(anonymous_0)
FN:11,(anonymous_1)
FNF:2
FNH:1
FNDA:0,(anonymous_0)
FNDA:1,(anonymous_1)
DA:1,1
DA:6,0
DA:7,0
DA:11,1
DA:12,1
DA:13,1
LF:6
LH:4
BRDA:11,0,0,1
BRDA:11,0,1,1
BRF:2
BRH:2
end_of_record
TN:
SF:/Users/sandeepsoni/src/vci-ofa-data-transfer-test/models/response.ts
FN:4,(anonymous_0)
FN:8,(anonymous_1)
FNF:2
FNH:0
FNDA:0,(anonymous_0)
FNDA:0,(anonymous_1)
DA:4,1
DA:5,0
DA:6,0
DA:9,0
DA:10,0
DA:12,0
DA:16,1
LF:7
LH:2
BRDA:9,0,0,0
BRDA:9,0,1,0
BRF:2
BRH:0
end_of_record
TN:
SF:/Users/sandeepsoni/src/vci-ofa-data-transfer-test/services/dataservices.ts
FN:2,(anonymous_0)
FN:12,(anonymous_1)
FN:3,(anonymous_2)
FNF:3
FNH:3
FNDA:1,(anonymous_0)
FNDA:1,(anonymous_1)
FNDA:1,(anonymous_2)
DA:2,1
DA:4,1
DA:5,1
DA:6,2
DA:7,0
DA:12,1
DA:13,1
DA:14,1
DA:17,1
DA:29,1
LF:10
LH:9
BRDA:6,0,0,0
BRDA:6,0,1,2
BRF:2
BRH:1
end_of_record
